0 info it worked if it ends with ok
1 verbose cli [ 'node', '/usr/local/bin/npm', 'link' ]
2 info using npm@2.0.0
3 info using node@v0.11.14
4 verbose linkPkg /Users/tvdstorm/CWI/imgui/libimgui
5 verbose gentlyRm vacuuming /usr/local/lib/node_modules/libimgui
6 verbose gentlyRm vacuuming /usr/local/lib/node_modules/libimgui
7 verbose stack Error: EACCES, symlink '/Users/tvdstorm/CWI/imgui/libimgui'
7 verbose stack     at Error (native)
8 verbose cwd /Users/tvdstorm/CWI/imgui/libimgui
9 error Darwin 15.0.0
10 error argv "node" "/usr/local/bin/npm" "link"
11 error node v0.11.14
12 error npm  v2.0.0
13 error path /Users/tvdstorm/CWI/imgui/libimgui
14 error code EACCES
15 error errno -13
16 error Error: EACCES, symlink '/Users/tvdstorm/CWI/imgui/libimgui'
16 error     at Error (native)
16 error  { [Error: EACCES, symlink '/Users/tvdstorm/CWI/imgui/libimgui']
16 error   stack: 'Error: EACCES, symlink \'/Users/tvdstorm/CWI/imgui/libimgui\'\n    at Error (native)',
16 error   errno: -13,
16 error   code: 'EACCES',
16 error   path: '/Users/tvdstorm/CWI/imgui/libimgui' }
17 error Please try running this command again as root/Administrator.
18 verbose exit [ -13, true ]
